<?xml version="1.0" encoding="UTF-8"?>
<testsuites>
  <testsuite name="fastlane.lanes">
    
    
    
      
      <testcase classname="fastlane.lanes" name="0: default_platform" time="0.000434">
        
      </testcase>
    
      
      <testcase classname="fastlane.lanes" name="1: test" time="2.386781">
        
          <failure message="/usr/local/Cellar/fastlane/2.195.0/libexec/gems/fastlane-2.197.0/fastlane/lib/fastlane/actions/actions_helper.rb:67:in `execute_action&apos;&#10;/usr/local/Cellar/fastlane/2.195.0/libexec/gems/fastlane-2.197.0/fastlane/lib/fastlane/runner.rb:255:in `block in execute_action&apos;&#10;/usr/local/Cellar/fastlane/2.195.0/libexec/gems/fastlane-2.197.0/fastlane/lib/fastlane/runner.rb:229:in `chdir&apos;&#10;/usr/local/Cellar/fastlane/2.195.0/libexec/gems/fastlane-2.197.0/fastlane/lib/fastlane/runner.rb:229:in `execute_action&apos;&#10;/usr/local/Cellar/fastlane/2.195.0/libexec/gems/fastlane-2.197.0/fastlane/lib/fastlane/runner.rb:157:in `trigger_action_by_name&apos;&#10;/usr/local/Cellar/fastlane/2.195.0/libexec/gems/fastlane-2.197.0/fastlane/lib/fastlane/fast_file.rb:159:in `method_missing&apos;&#10;Fastfile:21:in `block (2 levels) in parsing_binding&apos;&#10;/usr/local/Cellar/fastlane/2.195.0/libexec/gems/fastlane-2.197.0/fastlane/lib/fastlane/lane.rb:33:in `call&apos;&#10;/usr/local/Cellar/fastlane/2.195.0/libexec/gems/fastlane-2.197.0/fastlane/lib/fastlane/runner.rb:49:in `block in execute&apos;&#10;/usr/local/Cellar/fastlane/2.195.0/libexec/gems/fastlane-2.197.0/fastlane/lib/fastlane/runner.rb:45:in `chdir&apos;&#10;/usr/local/Cellar/fastlane/2.195.0/libexec/gems/fastlane-2.197.0/fastlane/lib/fastlane/runner.rb:45:in `execute&apos;&#10;/usr/local/Cellar/fastlane/2.195.0/libexec/gems/fastlane-2.197.0/fastlane/lib/fastlane/lane_manager.rb:47:in `cruise_lane&apos;&#10;/usr/local/Cellar/fastlane/2.195.0/libexec/gems/fastlane-2.197.0/fastlane/lib/fastlane/command_line_handler.rb:36:in `handle&apos;&#10;/usr/local/Cellar/fastlane/2.195.0/libexec/gems/fastlane-2.197.0/fastlane/lib/fastlane/commands_generator.rb:109:in `block (2 levels) in run&apos;&#10;/usr/local/Cellar/fastlane/2.195.0/libexec/gems/commander-4.6.0/lib/commander/command.rb:187:in `call&apos;&#10;/usr/local/Cellar/fastlane/2.195.0/libexec/gems/commander-4.6.0/lib/commander/command.rb:157:in `run&apos;&#10;/usr/local/Cellar/fastlane/2.195.0/libexec/gems/commander-4.6.0/lib/commander/runner.rb:444:in `run_active_command&apos;&#10;/usr/local/Cellar/fastlane/2.195.0/libexec/gems/fastlane-2.197.0/fastlane_core/lib/fastlane_core/ui/fastlane_runner.rb:117:in `run!&apos;&#10;/usr/local/Cellar/fastlane/2.195.0/libexec/gems/commander-4.6.0/lib/commander/delegates.rb:18:in `run!&apos;&#10;/usr/local/Cellar/fastlane/2.195.0/libexec/gems/fastlane-2.197.0/fastlane/lib/fastlane/commands_generator.rb:353:in `run&apos;&#10;/usr/local/Cellar/fastlane/2.195.0/libexec/gems/fastlane-2.197.0/fastlane/lib/fastlane/commands_generator.rb:42:in `start&apos;&#10;/usr/local/Cellar/fastlane/2.195.0/libexec/gems/fastlane-2.197.0/fastlane/lib/fastlane/cli_tools_distributor.rb:122:in `take_off&apos;&#10;/usr/local/Cellar/fastlane/2.195.0/libexec/gems/fastlane-2.197.0/bin/fastlane:23:in `&lt;top (required)&gt;&apos;&#10;/usr/local/Cellar/fastlane/2.195.0/libexec/bin/fastlane:23:in `load&apos;&#10;/usr/local/Cellar/fastlane/2.195.0/libexec/bin/fastlane:23:in `&lt;main&gt;&apos;&#10;&#10;Exit status of command &apos;/Users/oguzhanaslan/AndroidStudioProjects/Pefee/gradlew test -p .&apos; was 1 instead of 0.&#10;&#10;&gt; Configure project :app&#10;Warning: The &apos;kotlin-android-extensions&apos; Gradle plugin is deprecated. Please use this migration guide (https://goo.gle/kotlin-android-extensions-deprecation) to start working with View Binding (https://developer.android.com/topic/libraries/view-binding) and the &apos;kotlin-parcelize&apos; plugin.&#10;&#10;&gt; Task :app:preBuild UP-TO-DATE&#10;&gt; Task :app:preDebugBuild UP-TO-DATE&#10;&gt; Task :app:compileDebugAidl NO-SOURCE&#10;&gt; Task :app:compileDebugRenderscript NO-SOURCE&#10;&gt; Task :app:dataBindingMergeDependencyArtifactsDebug UP-TO-DATE&#10;&gt; Task :app:dataBindingMergeGenClassesDebug UP-TO-DATE&#10;&gt; Task :app:generateDebugResValues UP-TO-DATE&#10;&gt; Task :app:generateDebugResources UP-TO-DATE&#10;&gt; Task :app:mergeDebugResources UP-TO-DATE&#10;&gt; Task :app:dataBindingGenBaseClassesDebug UP-TO-DATE&#10;&gt; Task :app:generateDebugBuildConfig UP-TO-DATE&#10;&gt; Task :app:checkDebugAarMetadata UP-TO-DATE&#10;&gt; Task :app:createDebugCompatibleScreenManifests UP-TO-DATE&#10;&gt; Task :app:extractDeepLinksDebug UP-TO-DATE&#10;&gt; Task :app:processDebugMainManifest UP-TO-DATE&#10;&gt; Task :app:processDebugManifest UP-TO-DATE&#10;&gt; Task :app:processDebugManifestForPackage UP-TO-DATE&#10;&gt; Task :app:processDebugResources UP-TO-DATE&#10;&gt; Task :app:kaptGenerateStubsDebugKotlin UP-TO-DATE&#10;&gt; Task :app:kaptDebugKotlin FAILED&#10;&gt; Task :app:javaPreCompileDebug UP-TO-DATE&#10;&#10;FAILURE: Build failed with an exception.&#10;&#10;* What went wrong:&#10;Execution failed for task &apos;:app:kaptDebugKotlin&apos;.&#10;&gt; A failure occurred while executing org.jetbrains.kotlin.gradle.internal.KaptWithoutKotlincTask$KaptExecutionWorkAction&#10;   &gt; java.lang.reflect.InvocationTargetException (no error message)&#10;&#10;* Try:&#10;Run with --stacktrace option to get the stack trace. Run with --info or --debug option to get more log output. Run with --scan to get full insights.&#10;&#10;* Get more help at https://help.gradle.org&#10;&#10;Deprecated Gradle features were used in this build, making it incompatible with Gradle 8.0.&#10;Use &apos;--warning-mode all&apos; to show the individual deprecation warnings.&#10;See https://docs.gradle.org/7.0.2/userguide/command_line_interface.html#sec:command_line_warnings&#10;&#10;BUILD FAILED in 1s&#10;16 actionable tasks: 1 executed, 15 up-to-date&#10;" />
        
      </testcase>
    
  </testsuite>
</testsuites>
